[2020-01-10T23:34:14.191] [DEBUG] cheese - login => username:dzz,password:123
[2020-01-10T23:34:14.193] [DEBUG] cheese - dzz
[2020-01-10T23:34:14.203] [DEBUG] cheese - null
[2020-01-10T23:34:14.203] [DEBUG] cheese - null
[2020-01-11T00:12:06.695] [DEBUG] cheese - login => username:dzz,password:123
[2020-01-11T00:12:06.695] [DEBUG] cheese - dzz
[2020-01-11T00:12:06.697] [DEBUG] cheese - null
[2020-01-11T00:12:06.697] [DEBUG] cheese - null
[2020-01-11T00:12:08.565] [DEBUG] cheese - login => username:dzz,password:123
[2020-01-11T00:12:08.565] [DEBUG] cheese - dzz
[2020-01-11T00:12:08.567] [DEBUG] cheese - null
[2020-01-11T00:12:08.567] [DEBUG] cheese - null
[2020-01-11T13:44:53.608] [DEBUG] cheese - login => username:dzz,password:123
[2020-01-11T13:44:53.609] [DEBUG] cheese - dzz
[2020-01-11T13:44:53.637] [DEBUG] cheese - null
[2020-01-11T13:44:53.638] [DEBUG] cheese - null
[2020-01-11T13:49:39.888] [DEBUG] cheese - login => username:admin,password:123456
[2020-01-11T13:49:39.888] [DEBUG] cheese - admin
[2020-01-11T13:49:39.896] [DEBUG] cheese - null
[2020-01-11T13:49:39.896] [DEBUG] cheese - null
[2020-01-11T13:50:20.831] [DEBUG] cheese - login => username:admin,password:123456
[2020-01-11T13:50:20.831] [DEBUG] cheese - admin
[2020-01-11T13:50:20.833] [DEBUG] cheese - null
[2020-01-11T13:50:20.833] [DEBUG] cheese - null
[2020-01-11T14:01:26.088] [DEBUG] cheese - login => username:admin,password:12345
[2020-01-11T14:01:26.088] [DEBUG] cheese - admin
[2020-01-11T14:01:26.090] [DEBUG] cheese - null
[2020-01-11T14:01:26.090] [DEBUG] cheese - null
[2020-01-11T14:01:32.860] [DEBUG] cheese - login => username:admin,password:12345
[2020-01-11T14:01:32.860] [DEBUG] cheese - admin
[2020-01-11T14:01:32.862] [DEBUG] cheese - null
[2020-01-11T14:01:32.862] [DEBUG] cheese - null
[2020-01-11T14:01:33.542] [DEBUG] cheese - login => username:admin,password:12345
[2020-01-11T14:01:33.542] [DEBUG] cheese - admin
[2020-01-11T14:01:33.544] [DEBUG] cheese - null
[2020-01-11T14:01:33.544] [DEBUG] cheese - null
[2020-01-11T14:01:34.232] [DEBUG] cheese - login => username:admin,password:12345
[2020-01-11T14:01:34.233] [DEBUG] cheese - admin
[2020-01-11T14:01:34.234] [DEBUG] cheese - null
[2020-01-11T14:01:34.234] [DEBUG] cheese - null
[2020-01-11T14:02:11.695] [DEBUG] cheese - login => username:admin,password:123456
[2020-01-11T14:02:11.695] [DEBUG] cheese - admin
[2020-01-11T14:02:11.697] [DEBUG] cheese - null
[2020-01-11T14:02:11.697] [DEBUG] cheese - null
[2020-01-11T14:02:23.539] [DEBUG] cheese - login => username:admin,password:123456
[2020-01-11T14:02:23.539] [DEBUG] cheese - admin
[2020-01-11T14:02:23.541] [DEBUG] cheese - null
[2020-01-11T14:02:23.541] [DEBUG] cheese - null
[2020-01-11T15:07:19.321] [DEBUG] cheese - login => username:admin,password:123456
[2020-01-11T15:07:19.321] [DEBUG] cheese - admin
[2020-01-11T15:07:19.323] [DEBUG] cheese - null
[2020-01-11T15:07:19.323] [DEBUG] cheese - null
[2020-01-11T15:08:01.983] [DEBUG] cheese - login => username:admin,password:123456
[2020-01-11T15:08:01.983] [DEBUG] cheese - admin
[2020-01-11T15:08:01.985] [DEBUG] cheese - null
[2020-01-11T15:08:01.985] [DEBUG] cheese - null
[2020-01-11T15:08:06.793] [DEBUG] cheese - login => username:admin,password:123456
[2020-01-11T15:08:06.793] [DEBUG] cheese - admin
[2020-01-11T15:08:06.795] [DEBUG] cheese - null
[2020-01-11T15:08:06.795] [DEBUG] cheese - null
[2020-01-11T15:08:12.684] [DEBUG] cheese - login => username:admin,password:1234566
[2020-01-11T15:08:12.684] [DEBUG] cheese - admin
[2020-01-11T15:08:12.685] [DEBUG] cheese - null
[2020-01-11T15:08:12.685] [DEBUG] cheese - null
[2020-01-11T15:08:29.054] [DEBUG] cheese - login => username:admin,password:123456
[2020-01-11T15:08:29.054] [DEBUG] cheese - admin
[2020-01-11T15:08:29.055] [DEBUG] cheese - null
[2020-01-11T15:08:29.056] [DEBUG] cheese - null
[2020-01-11T15:09:26.630] [DEBUG] cheese - login => username:admin,password:123456
[2020-01-11T15:09:26.630] [DEBUG] cheese - admin
[2020-01-11T15:09:26.631] [DEBUG] cheese - null
[2020-01-11T15:09:26.631] [DEBUG] cheese - null
[2020-01-11T15:09:28.402] [DEBUG] cheese - login => username:admin,password:123456
[2020-01-11T15:09:28.403] [DEBUG] cheese - admin
[2020-01-11T15:09:28.404] [DEBUG] cheese - null
[2020-01-11T15:09:28.405] [DEBUG] cheese - null
[2020-01-11T15:09:29.357] [DEBUG] cheese - login => username:admin,password:123456
[2020-01-11T15:09:29.357] [DEBUG] cheese - admin
[2020-01-11T15:09:29.359] [DEBUG] cheese - null
[2020-01-11T15:09:29.359] [DEBUG] cheese - null
[2020-01-11T15:09:30.288] [DEBUG] cheese - login => username:admin,password:123456
[2020-01-11T15:09:30.288] [DEBUG] cheese - admin
[2020-01-11T15:09:30.290] [DEBUG] cheese - null
[2020-01-11T15:09:30.290] [DEBUG] cheese - null
[2020-01-11T15:09:30.960] [DEBUG] cheese - login => username:admin,password:123456
[2020-01-11T15:09:30.960] [DEBUG] cheese - admin
[2020-01-11T15:09:30.962] [DEBUG] cheese - null
[2020-01-11T15:09:30.962] [DEBUG] cheese - null
[2020-01-11T15:11:07.345] [DEBUG] cheese - login => username:admin,password:123456
[2020-01-11T15:11:07.345] [DEBUG] cheese - admin
[2020-01-11T15:11:07.347] [DEBUG] cheese - null
[2020-01-11T15:11:07.347] [DEBUG] cheese - null
[2020-01-11T15:11:30.211] [DEBUG] cheese - login => username:admin,password:123456
[2020-01-11T15:11:30.211] [DEBUG] cheese - admin
[2020-01-11T15:11:30.213] [DEBUG] cheese - null
[2020-01-11T15:11:30.213] [DEBUG] cheese - null
[2020-01-11T15:29:44.044] [DEBUG] cheese - login => username:admin,password:123456
[2020-01-11T15:29:44.044] [DEBUG] cheese - admin
[2020-01-11T15:29:44.046] [DEBUG] cheese - null
[2020-01-11T15:29:44.046] [DEBUG] cheese - null
[2020-01-11T15:30:55.337] [DEBUG] cheese - login => username:admin,password:123456
[2020-01-11T15:30:55.337] [DEBUG] cheese - admin
[2020-01-11T15:30:55.339] [DEBUG] cheese - null
[2020-01-11T15:30:55.339] [DEBUG] cheese - null
[2020-01-11T15:41:47.917] [DEBUG] cheese - login => username:admin,password:123456
[2020-01-11T15:41:47.917] [DEBUG] cheese - admin
[2020-01-11T15:41:47.919] [DEBUG] cheese - null
[2020-01-11T15:41:47.919] [DEBUG] cheese - null
[2020-01-11T21:13:49.008] [DEBUG] cheese - login => username:admin,password:123456
[2020-01-11T21:13:49.008] [DEBUG] cheese - admin
[2020-01-11T21:13:49.010] [DEBUG] cheese - null
[2020-01-11T21:13:49.010] [DEBUG] cheese - null
[2020-01-11T21:14:20.394] [DEBUG] cheese - login => username:admin,password:123456
[2020-01-11T21:14:20.394] [DEBUG] cheese - admin
[2020-01-11T21:14:20.395] [DEBUG] cheese - null
[2020-01-11T21:14:20.395] [DEBUG] cheese - null
[2020-01-11T21:14:50.806] [DEBUG] cheese - login => username:admin,password:123456
[2020-01-11T21:14:50.807] [DEBUG] cheese - admin
[2020-01-11T21:14:50.809] [DEBUG] cheese - null
[2020-01-11T21:14:50.809] [DEBUG] cheese - null
[2020-01-11T21:17:05.780] [DEBUG] cheese - login => username:admin,password:123456
[2020-01-11T21:17:05.780] [DEBUG] cheese - admin
[2020-01-11T21:17:05.781] [DEBUG] cheese - null
[2020-01-11T21:17:05.781] [DEBUG] cheese - null
[2020-01-11T21:28:37.712] [DEBUG] cheese - login => username:admin,password:123456
[2020-01-11T21:28:37.712] [DEBUG] cheese - admin
[2020-01-11T21:28:37.715] [DEBUG] cheese - null
[2020-01-11T21:28:37.715] [DEBUG] cheese - null
[2020-01-12T09:23:03.029] [DEBUG] cheese - login => username:admin,password:123456
[2020-01-12T09:23:03.029] [DEBUG] cheese - admin
[2020-01-12T09:23:03.031] [DEBUG] cheese - null
[2020-01-12T09:23:03.031] [DEBUG] cheese - null
[2020-01-12T09:23:15.760] [DEBUG] cheese - login => username:admin,password:123456
[2020-01-12T09:23:15.760] [DEBUG] cheese - admin
[2020-01-12T09:23:15.762] [DEBUG] cheese - null
[2020-01-12T09:23:15.762] [DEBUG] cheese - null
[2020-01-12T10:51:42.642] [DEBUG] cheese - login => username:admin,password:123456
[2020-01-12T10:51:42.643] [DEBUG] cheese - admin
[2020-01-12T10:51:42.651] [DEBUG] cheese - null
[2020-01-12T10:51:42.651] [DEBUG] cheese - null
[2020-01-12T10:55:37.214] [DEBUG] cheese - login => username:admin,password:123456
[2020-01-12T10:55:37.214] [DEBUG] cheese - admin
[2020-01-12T10:55:37.217] [DEBUG] cheese - null
[2020-01-12T10:55:37.217] [DEBUG] cheese - null
[2020-01-12T15:05:07.343] [DEBUG] cheese - login => username:admin,password:123456
[2020-01-12T15:05:07.343] [DEBUG] cheese - admin
[2020-01-12T15:05:07.345] [DEBUG] cheese - null
[2020-01-12T15:05:07.345] [DEBUG] cheese - null
[2020-01-13T18:43:23.416] [DEBUG] cheese - login => username:admin,password:123456
[2020-01-13T18:43:23.417] [DEBUG] cheese - admin
[2020-01-13T18:43:23.432] [DEBUG] cheese - null
[2020-01-13T18:43:23.432] [DEBUG] cheese - null
[2020-01-13T19:24:52.782] [DEBUG] cheese - login => username:admin,password:123456
[2020-01-13T19:24:52.782] [DEBUG] cheese - admin
[2020-01-13T19:24:52.785] [DEBUG] cheese - null
[2020-01-13T19:24:52.785] [DEBUG] cheese - null
[2020-01-13T19:28:09.714] [DEBUG] cheese - login => username:admin,password:123456
[2020-01-13T19:28:09.714] [DEBUG] cheese - admin
[2020-01-13T19:28:09.716] [DEBUG] cheese - null
[2020-01-13T19:28:09.716] [DEBUG] cheese - null
[2020-01-13T19:28:33.210] [DEBUG] cheese - login => username:admin,password:123456
[2020-01-13T19:28:33.211] [DEBUG] cheese - admin
[2020-01-13T19:28:33.213] [DEBUG] cheese - null
[2020-01-13T19:28:33.213] [DEBUG] cheese - null
[2020-01-13T19:29:06.352] [DEBUG] cheese - login => username:admin,password:123456
[2020-01-13T19:29:06.352] [DEBUG] cheese - admin
[2020-01-13T19:29:06.354] [DEBUG] cheese - null
[2020-01-13T19:29:06.354] [DEBUG] cheese - null
[2020-01-13T19:33:26.393] [DEBUG] cheese - login => username:admin,password:123456
[2020-01-13T19:33:26.394] [DEBUG] cheese - admin
[2020-01-13T19:33:26.403] [DEBUG] cheese - null
[2020-01-13T19:33:26.403] [DEBUG] cheese - null
[2020-01-13T19:33:44.051] [DEBUG] cheese - login => username:admin,password:123456
[2020-01-13T19:33:44.051] [DEBUG] cheese - admin
[2020-01-13T19:33:44.054] [DEBUG] cheese - null
[2020-01-13T19:33:44.054] [DEBUG] cheese - null
[2020-01-14T11:19:53.203] [DEBUG] cheese - login => username:admin,password:123456
[2020-01-14T11:19:53.204] [DEBUG] cheese - admin
[2020-01-14T11:19:53.230] [DEBUG] cheese - null
[2020-01-14T11:19:53.231] [DEBUG] cheese - null
[2020-01-15T14:09:13.843] [DEBUG] cheese - login => username:admin,password:123456
[2020-01-15T14:09:13.845] [DEBUG] cheese - admin
[2020-01-15T14:09:13.865] [DEBUG] cheese - null
[2020-01-15T14:09:13.865] [DEBUG] cheese - null
[2020-02-01T10:14:56.346] [DEBUG] cheese - login => username:admin,password:123456
[2020-02-01T10:14:56.348] [DEBUG] cheese - admin
[2020-02-01T10:14:56.396] [DEBUG] cheese - null
[2020-02-01T10:14:56.396] [DEBUG] cheese - null
[2020-02-03T09:17:54.409] [DEBUG] cheese - login => username:admin,password:123456
[2020-02-03T09:17:54.410] [DEBUG] cheese - admin
[2020-02-03T09:17:54.453] [DEBUG] cheese - null
[2020-02-03T09:17:54.453] [DEBUG] cheese - null
[2020-02-03T16:09:16.266] [DEBUG] cheese - null
[2020-02-03T16:10:11.744] [DEBUG] cheese - null
[2020-02-03T16:11:22.782] [DEBUG] cheese - null
[2020-02-03T16:21:33.190] [DEBUG] cheese - null
[2020-02-04T11:43:58.677] [DEBUG] cheese - login => username:admin,password:123456
[2020-02-04T11:43:58.677] [DEBUG] cheese - admin
[2020-02-04T11:43:58.719] [DEBUG] cheese - null
[2020-02-04T11:43:58.719] [DEBUG] cheese - null
[2020-02-05T15:51:22.151] [DEBUG] cheese - login => username:admin,password:123456
[2020-02-05T15:51:22.153] [DEBUG] cheese - admin
[2020-02-05T15:51:22.200] [DEBUG] cheese - null
[2020-02-05T15:51:22.200] [DEBUG] cheese - null
[2020-02-06T11:10:02.634] [DEBUG] cheese - login => username:admin,password:123456
[2020-02-06T11:10:02.634] [DEBUG] cheese - admin
[2020-02-06T11:10:02.637] [DEBUG] cheese - null
[2020-02-06T11:10:02.638] [DEBUG] cheese - null
[2020-02-07T11:30:53.426] [DEBUG] cheese - login => username:admin,password:123456
[2020-02-07T11:30:53.429] [DEBUG] cheese - admin
[2020-02-07T11:30:53.434] [DEBUG] cheese - null
[2020-02-07T11:30:53.435] [DEBUG] cheese - null
[2020-02-08T21:20:12.001] [DEBUG] cheese - login => username:admin,password:123456
[2020-02-08T21:20:12.007] [DEBUG] cheese - admin
[2020-02-08T21:20:12.061] [DEBUG] cheese - null
[2020-02-08T21:20:12.063] [DEBUG] cheese - null
[2020-02-13T13:56:50.155] [DEBUG] cheese - login => username:admin,password:123456
[2020-02-13T13:56:50.162] [DEBUG] cheese - admin
[2020-02-13T13:56:50.246] [DEBUG] cheese - null
[2020-02-13T13:56:50.247] [DEBUG] cheese - null
[2020-02-14T13:14:41.036] [DEBUG] cheese - login => username:admin,password:123456
[2020-02-14T13:14:41.041] [DEBUG] cheese - admin
[2020-02-14T13:14:41.097] [DEBUG] cheese - null
[2020-02-14T13:14:41.098] [DEBUG] cheese - null
[2020-02-14T14:04:48.413] [DEBUG] cheese - login => username:admin,password:123456
[2020-02-14T14:04:48.414] [DEBUG] cheese - admin
[2020-02-14T14:04:48.416] [DEBUG] cheese - null
[2020-02-14T14:04:48.416] [DEBUG] cheese - null
[2020-02-14T14:06:18.958] [DEBUG] cheese - login => username:admin,password:123456
[2020-02-14T14:06:18.958] [DEBUG] cheese - admin
[2020-02-14T14:06:18.959] [DEBUG] cheese - null
[2020-02-14T14:06:18.959] [DEBUG] cheese - null
[2020-02-14T14:47:14.258] [DEBUG] cheese - login => username:admin,password:123456
[2020-02-14T14:47:14.259] [DEBUG] cheese - admin
[2020-02-14T14:47:14.260] [DEBUG] cheese - null
[2020-02-14T14:47:14.260] [DEBUG] cheese - null
[2020-02-14T15:18:20.011] [DEBUG] cheese - login => username:admin,password:123456
[2020-02-14T15:18:20.011] [DEBUG] cheese - admin
[2020-02-14T15:18:20.012] [DEBUG] cheese - null
[2020-02-14T15:18:20.012] [DEBUG] cheese - null
[2020-02-15T15:24:59.536] [DEBUG] cheese - login => username:admin,password:123456
[2020-02-15T15:24:59.540] [DEBUG] cheese - admin
[2020-02-15T15:24:59.545] [DEBUG] cheese - null
[2020-02-15T15:24:59.545] [DEBUG] cheese - null
[2020-02-15T15:38:37.261] [DEBUG] cheese - login => username:admin,password:123456
[2020-02-15T15:38:37.262] [DEBUG] cheese - admin
[2020-02-15T15:38:37.264] [DEBUG] cheese - null
[2020-02-15T15:38:37.264] [DEBUG] cheese - null
[2020-02-15T21:40:44.938] [DEBUG] cheese - login => username:admin,password:123456
[2020-02-15T21:40:44.939] [DEBUG] cheese - admin
[2020-02-15T21:40:44.944] [DEBUG] cheese - null
[2020-02-15T21:40:44.944] [DEBUG] cheese - null
[2020-02-26T11:43:16.260] [DEBUG] cheese - login => username:admin,password:123456
[2020-02-26T11:43:16.275] [DEBUG] cheese - admin
[2020-02-26T11:43:16.386] [DEBUG] cheese - null
[2020-02-26T11:43:16.387] [DEBUG] cheese - null
[2020-02-26T16:49:19.207] [DEBUG] cheese - login => username:admin,password:123456
[2020-02-26T16:49:19.211] [DEBUG] cheese - admin
[2020-02-26T16:49:19.216] [DEBUG] cheese - null
[2020-02-26T16:49:19.217] [DEBUG] cheese - null
[2020-02-27T10:44:18.127] [DEBUG] cheese - login => username:admin,password:123456
[2020-02-27T10:44:18.127] [DEBUG] cheese - admin
[2020-02-27T10:44:18.137] [DEBUG] cheese - null
[2020-02-27T10:44:18.137] [DEBUG] cheese - null
[2020-02-27T11:03:44.331] [DEBUG] cheese - login => username:admin,password:123456
[2020-02-27T11:03:44.331] [DEBUG] cheese - admin
[2020-02-27T11:03:44.336] [DEBUG] cheese - null
[2020-02-27T11:03:44.336] [DEBUG] cheese - null
[2020-02-27T11:06:50.574] [DEBUG] cheese - login => username:admin,password:123456
[2020-02-27T11:06:50.575] [DEBUG] cheese - admin
[2020-02-27T11:06:50.576] [DEBUG] cheese - null
[2020-02-27T11:06:50.576] [DEBUG] cheese - null
[2020-02-27T11:35:22.902] [DEBUG] cheese - login => username:admin,password:123456
[2020-02-27T11:35:22.902] [DEBUG] cheese - admin
[2020-02-27T11:35:22.903] [DEBUG] cheese - null
[2020-02-27T11:35:22.903] [DEBUG] cheese - null
[2020-03-01T11:21:43.348] [DEBUG] cheese - login => username:admin,password:123456
[2020-03-01T11:21:43.349] [DEBUG] cheese - admin
[2020-03-01T11:21:43.394] [DEBUG] cheese - null
[2020-03-01T11:21:43.394] [DEBUG] cheese - null
[2020-03-01T12:37:32.975] [DEBUG] cheese - login => username:admin,password:123456
[2020-03-01T12:37:32.976] [DEBUG] cheese - admin
[2020-03-01T12:37:32.985] [DEBUG] cheese - null
[2020-03-01T12:37:32.985] [DEBUG] cheese - null
[2020-03-01T13:16:26.535] [DEBUG] cheese - null
[2020-03-01T15:08:06.172] [DEBUG] cheese - login => username:admin,password:123456
[2020-03-01T15:08:06.173] [DEBUG] cheese - admin
[2020-03-01T15:08:06.175] [DEBUG] cheese - null
[2020-03-01T15:08:06.175] [DEBUG] cheese - null
[2020-03-01T18:26:22.654] [DEBUG] cheese - login => username:admin,password:123456
[2020-03-01T18:26:22.654] [DEBUG] cheese - admin
[2020-03-01T18:26:22.656] [DEBUG] cheese - null
[2020-03-01T18:26:22.656] [DEBUG] cheese - null
[2020-03-01T18:28:19.748] [DEBUG] cheese - login => username:admin,password:123456
[2020-03-01T18:28:19.748] [DEBUG] cheese - admin
[2020-03-01T18:28:19.749] [DEBUG] cheese - null
[2020-03-01T18:28:19.749] [DEBUG] cheese - null
[2020-03-01T18:28:59.421] [DEBUG] cheese - login => username:admin,password:123456
[2020-03-01T18:28:59.421] [DEBUG] cheese - admin
[2020-03-01T18:28:59.422] [DEBUG] cheese - null
[2020-03-01T18:28:59.422] [DEBUG] cheese - null
[2020-03-01T21:46:04.092] [DEBUG] cheese - login => username:admin,password:123456
[2020-03-01T21:46:04.093] [DEBUG] cheese - admin
[2020-03-01T21:46:04.099] [DEBUG] cheese - null
[2020-03-01T21:46:04.100] [DEBUG] cheese - null
[2020-03-01T21:51:16.110] [DEBUG] cheese - login => username:admin,password:123456
[2020-03-01T21:51:16.110] [DEBUG] cheese - admin
[2020-03-01T21:51:16.112] [DEBUG] cheese - null
[2020-03-01T21:51:16.112] [DEBUG] cheese - null
[2020-03-02T14:16:51.498] [DEBUG] cheese - login => username:admin,password:123456
[2020-03-02T14:16:51.499] [DEBUG] cheese - admin
[2020-03-02T14:16:51.516] [DEBUG] cheese - null
[2020-03-02T14:16:51.516] [DEBUG] cheese - null
[2020-03-02T17:34:03.206] [DEBUG] cheese - login => username:admin,password:123456
[2020-03-02T17:34:03.207] [DEBUG] cheese - admin
[2020-03-02T17:34:03.210] [DEBUG] cheese - null
[2020-03-02T17:34:03.210] [DEBUG] cheese - null
[2020-03-02T20:09:47.886] [DEBUG] cheese - login => username:admin,password:123456
[2020-03-02T20:09:47.888] [DEBUG] cheese - admin
[2020-03-02T20:09:47.893] [DEBUG] cheese - null
[2020-03-02T20:09:47.894] [DEBUG] cheese - null
[2020-03-02T20:43:37.091] [DEBUG] cheese - login => username:admin,password:123456
[2020-03-02T20:43:37.092] [DEBUG] cheese - admin
[2020-03-02T20:43:37.093] [DEBUG] cheese - null
[2020-03-02T20:43:37.093] [DEBUG] cheese - null
[2020-03-03T14:24:35.308] [DEBUG] cheese - login => username:admin,password:123456
[2020-03-03T14:24:35.309] [DEBUG] cheese - admin
[2020-03-03T14:24:35.312] [DEBUG] cheese - null
[2020-03-03T14:24:35.312] [DEBUG] cheese - null
[2020-03-03T14:46:47.674] [DEBUG] cheese - login => username:admin,password:123456
[2020-03-03T14:46:47.674] [DEBUG] cheese - admin
[2020-03-03T14:46:47.675] [DEBUG] cheese - null
[2020-03-03T14:46:47.675] [DEBUG] cheese - null
[2020-03-03T14:47:35.756] [DEBUG] cheese - login => username:admin,password:123456
[2020-03-03T14:47:35.756] [DEBUG] cheese - admin
[2020-03-03T14:47:35.757] [DEBUG] cheese - null
[2020-03-03T14:47:35.757] [DEBUG] cheese - null
